

































# Probando reporte Requisiciones 
cidesaBrowser
ok 1 - status code is 200
ok 2 - submit executed
OK
Test cases run: 1/1, Passes: 2, Failures: 0, Exceptions: 0
# Fin Prueba Reporte '.Requisiciones.' 





# Probando reporte Despachos 
cidesaBrowser
ok 3 - status code is 200
ok 4 - submit executed
OK
Test cases run: 1/1, Passes: 2, Failures: 0, Exceptions: 0
# Fin Prueba Reporte '.Despachos.' 




# Probando reporte Salidas de Almacen 
cidesaBrowser
ok 5 - status code is 200
ok 6 - submit executed
OK
Test cases run: 1/1, Passes: 2, Failures: 0, Exceptions: 0
# Fin Prueba Reporte '.Salidas de Almacen.' 












# Probando reporte Cat√°logo de Art√≠culos 
cidesaBrowser
ok 7 - status code is 200
ok 8 - submit executed
OK
Test cases run: 1/1, Passes: 2, Failures: 0, Exceptions: 0
# Fin Prueba Reporte '.Cat√°logo de Art√≠culos.' 



# Probando reporte Cat√°logo de Ramos 
cidesaBrowser
ok 9 - status code is 200
1) Text [Fatal error:] detected at character [227] in [String: SIGA Reportes Lunes, 17 de Enero del 2011 † † Reportes † Catalogo de Ramos de ArtÌculos † † † TamaÒo Hoja: † OrientaciÛn: Salida del Reporte: PANTALLA IMPRESORA † † Criterios de SelecciÛn † DESDE HAST...] in region [... SelecciÛn † DESDE HASTA CÛdigo Ramo de ArtÏculo: Fatal error: Call to a member function MoveNext() ...] at [/home/luelher/fuentes/cidesa/roraima_for_update/roraima/test/bootstrap/cidesaBrowser.php line 46]
	in testContact
not ok 10 - error in submit
#     Failed test (./test/bootstrap/simpletest/invoker.php at line 68)
FAILURES!!!
Test cases run: 1/1, Passes: 1, Failures: 1, Exceptions: 0
# Fin Prueba Reporte '.Cat√°logo de Ramos.' 



# Probando reporte Cat√°logo de Ubicaciones 
cidesaBrowser
ok 11 - status code is 200
1) Text [Fatal error:] detected at character [216] in [String: SIGA Reportes Lunes, 17 de Enero del 2011 † † Reportes † Catalogo de Ubicaciones † † † TamaÒo Hoja: † OrientaciÛn: Salida del Reporte: PANTALLA IMPRESORA † † Criterios de SelecciÛn † DESDE HASTA Codig...] in region [...s de SelecciÛn † DESDE HASTA Codigo de UbicaciÚn: Fatal error: Call to a member function MoveNext() ...] at [/home/luelher/fuentes/cidesa/roraima_for_update/roraima/test/bootstrap/cidesaBrowser.php line 46]
	in testContact
not ok 12 - error in submit
#     Failed test (./test/bootstrap/simpletest/invoker.php at line 68)
FAILURES!!!
Test cases run: 1/1, Passes: 1, Failures: 1, Exceptions: 0
# Fin Prueba Reporte '.Cat√°logo de Ubicaciones.' 



# Probando reporte Cat√°logo de Proveedores 
cidesaBrowser
ok 13 - status code is 200
ok 14 - submit executed
OK
Test cases run: 1/1, Passes: 2, Failures: 0, Exceptions: 0
# Fin Prueba Reporte '.Cat√°logo de Proveedores.' 



# Probando reporte Cat√°logo de Almacenes 
cidesaBrowser
ok 15 - status code is 200
1) Text [Fatal error:] detected at character [212] in [String: SIGA Reportes Lunes, 17 de Enero del 2011 † † Reportes † Catalogo de Almacenes † † † TamaÒo Hoja: † OrientaciÛn: Salida del Reporte: PANTALLA IMPRESORA † † Criterios de SelecciÛn † DESDE HASTA CÛdigo ...] in region [...ios de SelecciÛn † DESDE HASTA CÛdigo de Almacen: Fatal error: Call to a member function MoveNext() ...] at [/home/luelher/fuentes/cidesa/roraima_for_update/roraima/test/bootstrap/cidesaBrowser.php line 46]
	in testContact
not ok 16 - error in submit
#     Failed test (./test/bootstrap/simpletest/invoker.php at line 68)
FAILURES!!!
Test cases run: 1/1, Passes: 1, Failures: 1, Exceptions: 0
# Fin Prueba Reporte '.Cat√°logo de Almacenes.' 



# Probando reporte Cat√°logo de Recaudos 
cidesaBrowser
ok 17 - status code is 200
1) Text [Fatal error:] detected at character [208] in [String: SIGA Reportes Lunes, 17 de Enero del 2011 † † Reportes † Catalogo de Recaudos † † † TamaÒo Hoja: † OrientaciÛn: Salida del Reporte: PANTALLA IMPRESORA † † Criterios de SelecciÛn † DESDE HASTA CÛdigo R...] in region [...terios de SelecciÛn † DESDE HASTA CÛdigo Recaudo: Fatal error: Call to a member function MoveNext() ...] at [/home/luelher/fuentes/cidesa/roraima_for_update/roraima/test/bootstrap/cidesaBrowser.php line 46]
	in testContact
not ok 18 - error in submit
#     Failed test (./test/bootstrap/simpletest/invoker.php at line 68)
FAILURES!!!
Test cases run: 1/1, Passes: 1, Failures: 1, Exceptions: 0
# Fin Prueba Reporte '.Cat√°logo de Recaudos.' 



# Probando reporte Cat√°logo de Recargos 
cidesaBrowser
ok 19 - status code is 200
1) Text [Fatal error:] detected at character [208] in [String: SIGA Reportes Lunes, 17 de Enero del 2011 † † Reportes † Catalogo de Recargos † † † TamaÒo Hoja: † OrientaciÛn: Salida del Reporte: PANTALLA IMPRESORA † † Criterios de SelecciÛn † DESDE HASTA CÛdigo R...] in region [...terios de SelecciÛn † DESDE HASTA CÛdigo Recargo: Fatal error: Call to a member function MoveNext() ...] at [/home/luelher/fuentes/cidesa/roraima_for_update/roraima/test/bootstrap/cidesaBrowser.php line 46]
	in testContact
not ok 20 - error in submit
#     Failed test (./test/bootstrap/simpletest/invoker.php at line 68)
FAILURES!!!
Test cases run: 1/1, Passes: 1, Failures: 1, Exceptions: 0
# Fin Prueba Reporte '.Cat√°logo de Recargos.' 



# Probando reporte Cat√°logo de Condiciones de Pago 
cidesaBrowser
ok 21 - status code is 200
ok 22 - submit executed
OK
Test cases run: 1/1, Passes: 2, Failures: 0, Exceptions: 0
# Fin Prueba Reporte '.Cat√°logo de Condiciones de Pago.' 



# Probando reporte Cat√°logo de Formas de Entrega 
cidesaBrowser
ok 23 - status code is 200
1) Text [Fatal error:] detected at character [219] in [String: SIGA Reportes Lunes, 17 de Enero del 2011 † † Reportes † Catalogo de Formas de Entrega † † † TamaÒo Hoja: † OrientaciÛn: Salida del Reporte: PANTALLA IMPRESORA † † Criterios de SelecciÛn † DESDE HASTA...] in region [...rios de SelecciÛn † DESDE HASTA Codigo de Formas: Fatal error: Call to a member function MoveNext() ...] at [/home/luelher/fuentes/cidesa/roraima_for_update/roraima/test/bootstrap/cidesaBrowser.php line 46]
	in testContact
not ok 24 - error in submit
#     Failed test (./test/bootstrap/simpletest/invoker.php at line 68)
FAILURES!!!
Test cases run: 1/1, Passes: 1, Failures: 1, Exceptions: 0
# Fin Prueba Reporte '.Cat√°logo de Formas de Entrega.' 



# Probando reporte Cat√°logo de Razones de Compra 
cidesaBrowser
ok 25 - status code is 200
1) Text [Fatal error:] detected at character [218] in [String: SIGA Reportes Lunes, 17 de Enero del 2011 † † Reportes † Catalogo de Razones de Compra † † † TamaÒo Hoja: † OrientaciÛn: Salida del Reporte: PANTALLA IMPRESORA † † Criterios de SelecciÛn † DESDE HASTA...] in region [...erios de SelecciÛn † DESDE HASTA Codigo de Razon: Fatal error: Call to a member function MoveNext() ...] at [/home/luelher/fuentes/cidesa/roraima_for_update/roraima/test/bootstrap/cidesaBrowser.php line 46]
	in testContact
not ok 26 - error in submit
#     Failed test (./test/bootstrap/simpletest/invoker.php at line 68)
FAILURES!!!
Test cases run: 1/1, Passes: 1, Failures: 1, Exceptions: 0
# Fin Prueba Reporte '.Cat√°logo de Razones de Compra.' 



# Probando reporte Cat√°logo de Rangos de Cotizaciones 
cidesaBrowser
ok 27 - status code is 200
ok 28 - submit executed
OK
Test cases run: 1/1, Passes: 2, Failures: 0, Exceptions: 0
# Fin Prueba Reporte '.Cat√°logo de Rangos de Cotizaciones.' 



# Probando reporte Recepciones 
cidesaBrowser
ok 29 - status code is 200
ok 30 - submit executed
OK
Test cases run: 1/1, Passes: 2, Failures: 0, Exceptions: 0
# Fin Prueba Reporte '.Recepciones.' 



# Probando reporte Ordenes de Compra 
cidesaBrowser
ok 31 - status code is 200
ok 32 - submit executed
OK
Test cases run: 1/1, Passes: 2, Failures: 0, Exceptions: 0
# Fin Prueba Reporte '.Ordenes de Compra.' 



# Probando reporte Listado Resumen de Ordenes de Compra 
cidesaBrowser
ok 33 - status code is 200
ok 34 - submit executed
OK
Test cases run: 1/1, Passes: 2, Failures: 0, Exceptions: 0
# Fin Prueba Reporte '.Listado Resumen de Ordenes de Compra.' 



# Probando reporte Listado Resumen Ordenes de Servicio 
cidesaBrowser
ok 35 - status code is 200
ok 36 - submit executed
OK
Test cases run: 1/1, Passes: 2, Failures: 0, Exceptions: 0
# Fin Prueba Reporte '.Listado Resumen Ordenes de Servicio.' 



# Probando reporte Recepciones y Diferencias 
cidesaBrowser
ok 37 - status code is 200
ok 38 - submit executed
OK
Test cases run: 1/1, Passes: 2, Failures: 0, Exceptions: 0
# Fin Prueba Reporte '.Recepciones y Diferencias.' 



# Probando reporte Despachos y Diferencias 
cidesaBrowser
ok 39 - status code is 200
1) Text [Fatal error:] detected at character [216] in [String: SIGA Reportes Lunes, 17 de Enero del 2011 † † Reportes † DESPACHOS Y DIFERENCIAS † † † TamaÒo Hoja: † OrientaciÛn: Salida del Reporte: PANTALLA IMPRESORA † † Criterios de SelecciÛn † DESDE HASTA N˙mer...] in region [...s de SelecciÛn † DESDE HASTA N˙mero RequisiciÛn : Fatal error: Call to a member function MoveNext() ...] at [/home/luelher/fuentes/cidesa/roraima_for_update/roraima/test/bootstrap/cidesaBrowser.php line 46]
	in testContact
not ok 40 - error in submit
#     Failed test (./test/bootstrap/simpletest/invoker.php at line 68)
FAILURES!!!
Test cases run: 1/1, Passes: 1, Failures: 1, Exceptions: 0
# Fin Prueba Reporte '.Despachos y Diferencias.' 



# Probando reporte Resumen de Movimientos 
cidesaBrowser
ok 41 - status code is 200
ok 42 - submit executed
OK
Test cases run: 1/1, Passes: 2, Failures: 0, Exceptions: 0
# Fin Prueba Reporte '.Resumen de Movimientos.' 



# Probando reporte Etiquetas de Articulos 
cidesaBrowser
ok 43 - status code is 200
1) Text [Fatal error:] detected at character [211] in [String: SIGA Reportes Lunes, 17 de Enero del 2011 † † Reportes † Etiquetas de ArtÌculos † † † TamaÒo Hoja: † OrientaciÛn: Salida del Reporte: PANTALLA IMPRESORA † † Criterios de SelecciÛn † DESDE HASTA CÛdigo...] in region [...erios de SelecciÛn † DESDE HASTA CÛdigo ArtÌculo: Fatal error: Call to a member function MoveNext() ...] at [/home/luelher/fuentes/cidesa/roraima_for_update/roraima/test/bootstrap/cidesaBrowser.php line 46]
	in testContact
not ok 44 - error in submit
#     Failed test (./test/bootstrap/simpletest/invoker.php at line 68)
FAILURES!!!
Test cases run: 1/1, Passes: 1, Failures: 1, Exceptions: 0
# Fin Prueba Reporte '.Etiquetas de Articulos.' 



# Probando reporte Requisiciones (FORMA 021) 
cidesaBrowser
ok 45 - status code is 200
1) Text [Fatal error:] detected at character [195] in [String: SIGA Reportes Usuario: MÛdulo: Contabilidad Financiera Lunes, 17 de Enero del 2011 REQUISICION Pantalla TamaÒo Hoja: CARTA OrientaciÛn: VERTICAL Criterios de SelecciÛn † DESDE HASTA RequisiciÛn: Fatal...] in region [...Criterios de SelecciÛn † DESDE HASTA RequisiciÛn: Fatal error: Call to a member function MoveNext() ...] at [/home/luelher/fuentes/cidesa/roraima_for_update/roraima/test/bootstrap/cidesaBrowser.php line 46]
	in testContact
not ok 46 - error in submit
#     Failed test (./test/bootstrap/simpletest/invoker.php at line 68)
FAILURES!!!
Test cases run: 1/1, Passes: 1, Failures: 1, Exceptions: 0
# Fin Prueba Reporte '.Requisiciones (FORMA 021).' 



# Probando reporte Requisiciones de Servicios 
cidesaBrowser
ok 47 - status code is 200
1) Text [Fatal error:] detected at character [209] in [String: SIGA Reportes Usuario: MÛdulo: Contabilidad Financiera Lunes, 17 de Enero del 2011 REQUISICION POR SERVICIOS Pantalla TamaÒo Hoja: CARTA OrientaciÛn: VERTICAL Criterios de SelecciÛn † DESDE HASTA Requ...] in region [...Criterios de SelecciÛn † DESDE HASTA RequisiciÛn: Fatal error: Call to a member function MoveNext() ...] at [/home/luelher/fuentes/cidesa/roraima_for_update/roraima/test/bootstrap/cidesaBrowser.php line 46]
	in testContact
not ok 48 - error in submit
#     Failed test (./test/bootstrap/simpletest/invoker.php at line 68)
FAILURES!!!
Test cases run: 1/1, Passes: 1, Failures: 1, Exceptions: 0
# Fin Prueba Reporte '.Requisiciones de Servicios.' 



# Probando reporte Analisis de Cotizaciones 
cidesaBrowser
ok 49 - status code is 200
1) Text [Fatal error:] detected at character [212] in [String: SIGA Reportes Lunes, 17 de Enero del 2011 † † Reportes † An·lisis de Cotizaciones † † † TamaÒo Hoja: † OrientaciÛn: Salida del Reporte: PANTALLA IMPRESORA † † Criterios de SelecciÛn † DESDE Solicitud ...] in region [...terios de SelecciÛn † DESDE Solicitud de Egreso : Fatal error: Call to a member function MoveNext() ...] at [/home/luelher/fuentes/cidesa/roraima_for_update/roraima/test/bootstrap/cidesaBrowser.php line 46]
	in testContact
not ok 50 - error in submit
#     Failed test (./test/bootstrap/simpletest/invoker.php at line 68)
FAILURES!!!
Test cases run: 1/1, Passes: 1, Failures: 1, Exceptions: 0
# Fin Prueba Reporte '.Analisis de Cotizaciones.' 



# Probando reporte Solicitud de Egreso 
cidesaBrowser
ok 51 - status code is 200
ok 52 - submit executed
OK
Test cases run: 1/1, Passes: 2, Failures: 0, Exceptions: 0
# Fin Prueba Reporte '.Solicitud de Egreso.' 



# Probando reporte Presupuesto Base 
cidesaBrowser
ok 53 - status code is 200
ok 54 - submit executed
OK
Test cases run: 1/1, Passes: 2, Failures: 0, Exceptions: 0
# Fin Prueba Reporte '.Presupuesto Base.' 



# Probando reporte Ajuste Orden de Compra 
cidesaBrowser
ok 55 - status code is 200
ok 56 - submit executed
OK
Test cases run: 1/1, Passes: 2, Failures: 0, Exceptions: 0
# Fin Prueba Reporte '.Ajuste Orden de Compra.' 



# Probando reporte Valorizaci√≥n de Inventario 
cidesaBrowser
ok 57 - status code is 200
ok 58 - submit executed
OK
Test cases run: 1/1, Passes: 2, Failures: 0, Exceptions: 0
# Fin Prueba Reporte '.Valorizaci√≥n de Inventario.' 



# Probando reporte Hoja de Conteo F√≠sico 
cidesaBrowser
ok 59 - status code is 200
ok 60 - submit executed
OK
Test cases run: 1/1, Passes: 2, Failures: 0, Exceptions: 0
# Fin Prueba Reporte '.Hoja de Conteo F√≠sico.' 



# Probando reporte Inventario F√≠sico Valorado 
cidesaBrowser
ok 61 - status code is 200
ok 62 - submit executed
OK
Test cases run: 1/1, Passes: 2, Failures: 0, Exceptions: 0
# Fin Prueba Reporte '.Inventario F√≠sico Valorado.' 



# Probando reporte Inventario Logico Valorado 
cidesaBrowser
ok 63 - status code is 200
ok 64 - submit executed
OK
Test cases run: 1/1, Passes: 2, Failures: 0, Exceptions: 0
# Fin Prueba Reporte '.Inventario Logico Valorado.' 



# Probando reporte Stock Maximo 
cidesaBrowser
ok 65 - status code is 200
ok 66 - submit executed
OK
Test cases run: 1/1, Passes: 2, Failures: 0, Exceptions: 0
# Fin Prueba Reporte '.Stock Maximo.' 



# Probando reporte Stock M√≠nimo 
cidesaBrowser
ok 67 - status code is 200
ok 68 - submit executed
OK
Test cases run: 1/1, Passes: 2, Failures: 0, Exceptions: 0
# Fin Prueba Reporte '.Stock M√≠nimo.' 



# Probando reporte Punto de Reorden 
cidesaBrowser
ok 69 - status code is 200
ok 70 - submit executed
OK
Test cases run: 1/1, Passes: 2, Failures: 0, Exceptions: 0
# Fin Prueba Reporte '.Punto de Reorden.' 



# Probando reporte Inventario 
cidesaBrowser
ok 71 - status code is 200
ok 72 - submit executed
OK
Test cases run: 1/1, Passes: 2, Failures: 0, Exceptions: 0
# Fin Prueba Reporte '.Inventario.' 



# Probando reporte Registro Auxiliar de Existencia en Almacen 
cidesaBrowser
ok 73 - status code is 200
ok 74 - submit executed
OK
Test cases run: 1/1, Passes: 2, Failures: 0, Exceptions: 0
# Fin Prueba Reporte '.Registro Auxiliar de Existencia en Almacen.' 



# Probando reporte Relaci√≥n Inventario Almac√©n 
cidesaBrowser
ok 75 - status code is 200
1) Text [Fatal error:] detected at character [263] in [String: SIGA Reportes Lunes, 17 de Enero del 2011 † † Reportes † RelaciÛn Inventario Almacen † † † TamaÒo Hoja: † OrientaciÛn: Salida del Reporte: PANTALLA IMPRESORA † † Criterios de SelecciÛn † DESDE HASTA C...] in region [...o: Fecha Inventario : † --> Fecha Inventario : // Fatal error: Call to a member function MoveNext() ...] at [/home/luelher/fuentes/cidesa/roraima_for_update/roraima/test/bootstrap/cidesaBrowser.php line 46]
	in testContact
not ok 76 - error in submit
#     Failed test (./test/bootstrap/simpletest/invoker.php at line 68)
FAILURES!!!
Test cases run: 1/1, Passes: 1, Failures: 1, Exceptions: 0
# Fin Prueba Reporte '.Relaci√≥n Inventario Almac√©n.' 



# Probando reporte Entradas de Almacen 
cidesaBrowser
ok 77 - status code is 200
ok 78 - submit executed
OK
Test cases run: 1/1, Passes: 2, Failures: 0, Exceptions: 0
# Fin Prueba Reporte '.Entradas de Almacen.' 



# Probando reporte Constancia de Inscripci√≥n Del Proveedor 
cidesaBrowser
ok 79 - status code is 200
ok 80 - submit executed
OK
Test cases run: 1/1, Passes: 2, Failures: 0, Exceptions: 0
# Fin Prueba Reporte '.Constancia de Inscripci√≥n Del Proveedor.' 



# Probando reporte Ficha del Proveedor 
cidesaBrowser
ok 81 - status code is 200
1) Text [Fatal error:] detected at character [195] in [String: SIGA Reportes Lunes, 17 de Enero del 2011 † † Reportes † Ficha de Proveedores † † † TamaÒo Hoja: † OrientaciÛn: Salida del Reporte: PANTALLA IMPRESORA † † Criterios de SelecciÛn Proveedor Desde: Fatal...] in region [...ESORA † † Criterios de SelecciÛn Proveedor Desde: Fatal error: Call to a member function MoveNext() ...] at [/home/luelher/fuentes/cidesa/roraima_for_update/roraima/test/bootstrap/cidesaBrowser.php line 46]
	in testContact
not ok 82 - error in submit
#     Failed test (./test/bootstrap/simpletest/invoker.php at line 68)
FAILURES!!!
Test cases run: 1/1, Passes: 1, Failures: 1, Exceptions: 0
# Fin Prueba Reporte '.Ficha del Proveedor.' 



# Probando reporte Solicitud de Cotizaci√≥n 
cidesaBrowser
ok 83 - status code is 200
ok 84 - submit executed
OK
Test cases run: 1/1, Passes: 2, Failures: 0, Exceptions: 0
# Fin Prueba Reporte '.Solicitud de Cotizaci√≥n.' 



# Probando reporte Informe de Recomendaci√≥n 
cidesaBrowser
ok 85 - status code is 200
ok 86 - submit executed
OK
Test cases run: 1/1, Passes: 2, Failures: 0, Exceptions: 0
# Fin Prueba Reporte '.Informe de Recomendaci√≥n.' 



# Probando reporte Informe de Recomendaci√≥n de Orden Directa 
cidesaBrowser
ok 87 - status code is 200
ok 88 - submit executed
OK
Test cases run: 1/1, Passes: 2, Failures: 0, Exceptions: 0
# Fin Prueba Reporte '.Informe de Recomendaci√≥n de Orden Directa.' 



# Probando reporte Acta de Control Perceptivo 
cidesaBrowser
ok 89 - status code is 200
ok 90 - submit executed
OK
Test cases run: 1/1, Passes: 2, Failures: 0, Exceptions: 0
# Fin Prueba Reporte '.Acta de Control Perceptivo.' 








1..90
 Looks like you failed 14 tests of 90.                                 
